<?xml version="1.0" encoding="UTF-8"?>
<!-- Generated by org.testng.reporters.JUnitReportReporter -->
<testsuite hostname="LAPTOP-9VN2LERR" name="MavenPackage1.Demo1" tests="1" failures="0" timestamp="27 Aug 2019 08:04:45 GMT" time="12.150" errors="0">
  <testcase name="test1" time="12.150" classname="MavenPackage1.Demo1"/>
</testsuite> <!-- MavenPackage1.Demo1 -->
