<?xml version="1.0" encoding="UTF-8"?>
<!-- Generated by org.testng.reporters.JUnitReportReporter -->
<testsuite skipped="0" hostname="LAPTOP-9VN2LERR" name="MavenPackage1.TestDemo1" tests="1" failures="0" timestamp="27 Aug 2019 09:37:56 GMT" time="6.829" errors="0">
  <testcase name="test1" time="6.829" classname="MavenPackage1.TestDemo1"/>
</testsuite> <!-- MavenPackage1.TestDemo1 -->
